This is pdfTeX, Version 3.14159265-2.6-1.40.16 (TeX Live 2015/Debian) (preloaded format=pdflatex 2017.1.19)  23 MAY 2017 18:03
entering extended mode
 restricted \write18 enabled.
 file:line:error style messages enabled.
 %&-line parsing enabled.
**latex.tex
(/home/cj/Dropbox/Personal/Study/MasterURV/2nd_Semester/CN/Activity_2/report/latex/latex.tex
LaTeX2e <2016/02/01>
Babel <3.9q> and hyphenation patterns for 3 language(s) loaded.
(/usr/share/texlive/texmf-dist/tex/latex/base/article.cls
Document Class: article 2014/09/29 v1.4h Standard LaTeX document class
(/usr/share/texlive/texmf-dist/tex/latex/base/size10.clo
File: size10.clo 2014/09/29 v1.4h Standard LaTeX file (size option)
)
\c@part=\count79
\c@section=\count80
\c@subsection=\count81
\c@subsubsection=\count82
\c@paragraph=\count83
\c@subparagraph=\count84
\c@figure=\count85
\c@table=\count86
\abovecaptionskip=\skip41
\belowcaptionskip=\skip42
\bibindent=\dimen102
) (/usr/share/texlive/texmf-dist/tex/latex/base/inputenc.sty
Package: inputenc 2015/03/17 v1.2c Input encoding file
\inpenc@prehook=\toks14
\inpenc@posthook=\toks15
 (/usr/share/texlive/texmf-dist/tex/latex/base/utf8.def
File: utf8.def 2015/12/03 v1.1r UTF-8 support for inputenc
Now handling font encoding OML ...
... no UTF-8 mapping file for font encoding OML
Now handling font encoding T1 ...
... processing UTF-8 mapping file for font encoding T1
 (/usr/share/texlive/texmf-dist/tex/latex/base/t1enc.dfu
File: t1enc.dfu 2015/12/03 v1.1r UTF-8 support for inputenc
   defining Unicode char U+00A0 (decimal 160)
   defining Unicode char U+00A1 (decimal 161)
   defining Unicode char U+00A3 (decimal 163)
   defining Unicode char U+00AB (decimal 171)
   defining Unicode char U+00AD (decimal 173)
   defining Unicode char U+00BB (decimal 187)
   defining Unicode char U+00BF (decimal 191)
   defining Unicode char U+00C0 (decimal 192)
   defining Unicode char U+00C1 (decimal 193)
   defining Unicode char U+00C2 (decimal 194)
   defining Unicode char U+00C3 (decimal 195)
   defining Unicode char U+00C4 (decimal 196)
   defining Unicode char U+00C5 (decimal 197)
   defining Unicode char U+00C6 (decimal 198)
   defining Unicode char U+00C7 (decimal 199)
   defining Unicode char U+00C8 (decimal 200)
   defining Unicode char U+00C9 (decimal 201)
   defining Unicode char U+00CA (decimal 202)
   defining Unicode char U+00CB (decimal 203)
   defining Unicode char U+00CC (decimal 204)
   defining Unicode char U+00CD (decimal 205)
   defining Unicode char U+00CE (decimal 206)
   defining Unicode char U+00CF (decimal 207)
   defining Unicode char U+00D0 (decimal 208)
   defining Unicode char U+00D1 (decimal 209)
   defining Unicode char U+00D2 (decimal 210)
   defining Unicode char U+00D3 (decimal 211)
   defining Unicode char U+00D4 (decimal 212)
   defining Unicode char U+00D5 (decimal 213)
   defining Unicode char U+00D6 (decimal 214)
   defining Unicode char U+00D8 (decimal 216)
   defining Unicode char U+00D9 (decimal 217)
   defining Unicode char U+00DA (decimal 218)
   defining Unicode char U+00DB (decimal 219)
   defining Unicode char U+00DC (decimal 220)
   defining Unicode char U+00DD (decimal 221)
   defining Unicode char U+00DE (decimal 222)
   defining Unicode char U+00DF (decimal 223)
   defining Unicode char U+00E0 (decimal 224)
   defining Unicode char U+00E1 (decimal 225)
   defining Unicode char U+00E2 (decimal 226)
   defining Unicode char U+00E3 (decimal 227)
   defining Unicode char U+00E4 (decimal 228)
   defining Unicode char U+00E5 (decimal 229)
   defining Unicode char U+00E6 (decimal 230)
   defining Unicode char U+00E7 (decimal 231)
   defining Unicode char U+00E8 (decimal 232)
   defining Unicode char U+00E9 (decimal 233)
   defining Unicode char U+00EA (decimal 234)
   defining Unicode char U+00EB (decimal 235)
   defining Unicode char U+00EC (decimal 236)
   defining Unicode char U+00ED (decimal 237)
   defining Unicode char U+00EE (decimal 238)
   defining Unicode char U+00EF (decimal 239)
   defining Unicode char U+00F0 (decimal 240)
   defining Unicode char U+00F1 (decimal 241)
   defining Unicode char U+00F2 (decimal 242)
   defining Unicode char U+00F3 (decimal 243)
   defining Unicode char U+00F4 (decimal 244)
   defining Unicode char U+00F5 (decimal 245)
   defining Unicode char U+00F6 (decimal 246)
   defining Unicode char U+00F8 (decimal 248)
   defining Unicode char U+00F9 (decimal 249)
   defining Unicode char U+00FA (decimal 250)
   defining Unicode char U+00FB (decimal 251)
   defining Unicode char U+00FC (decimal 252)
   defining Unicode char U+00FD (decimal 253)
   defining Unicode char U+00FE (decimal 254)
   defining Unicode char U+00FF (decimal 255)
   defining Unicode char U+0100 (decimal 256)
   defining Unicode char U+0101 (decimal 257)
   defining Unicode char U+0102 (decimal 258)
   defining Unicode char U+0103 (decimal 259)
   defining Unicode char U+0104 (decimal 260)
   defining Unicode char U+0105 (decimal 261)
   defining Unicode char U+0106 (decimal 262)
   defining Unicode char U+0107 (decimal 263)
   defining Unicode char U+0108 (decimal 264)
   defining Unicode char U+0109 (decimal 265)
   defining Unicode char U+010A (decimal 266)
   defining Unicode char U+010B (decimal 267)
   defining Unicode char U+010C (decimal 268)
   defining Unicode char U+010D (decimal 269)
   defining Unicode char U+010E (decimal 270)
   defining Unicode char U+010F (decimal 271)
   defining Unicode char U+0110 (decimal 272)
   defining Unicode char U+0111 (decimal 273)
   defining Unicode char U+0112 (decimal 274)
   defining Unicode char U+0113 (decimal 275)
   defining Unicode char U+0114 (decimal 276)
   defining Unicode char U+0115 (decimal 277)
   defining Unicode char U+0116 (decimal 278)
   defining Unicode char U+0117 (decimal 279)
   defining Unicode char U+0118 (decimal 280)
   defining Unicode char U+0119 (decimal 281)
   defining Unicode char U+011A (decimal 282)
   defining Unicode char U+011B (decimal 283)
   defining Unicode char U+011C (decimal 284)
   defining Unicode char U+011D (decimal 285)
   defining Unicode char U+011E (decimal 286)
   defining Unicode char U+011F (decimal 287)
   defining Unicode char U+0120 (decimal 288)
   defining Unicode char U+0121 (decimal 289)
   defining Unicode char U+0122 (decimal 290)
   defining Unicode char U+0123 (decimal 291)
   defining Unicode char U+0124 (decimal 292)
   defining Unicode char U+0125 (decimal 293)
   defining Unicode char U+0128 (decimal 296)
   defining Unicode char U+0129 (decimal 297)
   defining Unicode char U+012A (decimal 298)
   defining Unicode char U+012B (decimal 299)
   defining Unicode char U+012C (decimal 300)
   defining Unicode char U+012D (decimal 301)
   defining Unicode char U+012E (decimal 302)
   defining Unicode char U+012F (decimal 303)
   defining Unicode char U+0130 (decimal 304)
   defining Unicode char U+0131 (decimal 305)
   defining Unicode char U+0132 (decimal 306)
   defining Unicode char U+0133 (decimal 307)
   defining Unicode char U+0134 (decimal 308)
   defining Unicode char U+0135 (decimal 309)
   defining Unicode char U+0136 (decimal 310)
   defining Unicode char U+0137 (decimal 311)
   defining Unicode char U+0139 (decimal 313)
   defining Unicode char U+013A (decimal 314)
   defining Unicode char U+013B (decimal 315)
   defining Unicode char U+013C (decimal 316)
   defining Unicode char U+013D (decimal 317)
   defining Unicode char U+013E (decimal 318)
   defining Unicode char U+0141 (decimal 321)
   defining Unicode char U+0142 (decimal 322)
   defining Unicode char U+0143 (decimal 323)
   defining Unicode char U+0144 (decimal 324)
   defining Unicode char U+0145 (decimal 325)
   defining Unicode char U+0146 (decimal 326)
   defining Unicode char U+0147 (decimal 327)
   defining Unicode char U+0148 (decimal 328)
   defining Unicode char U+014A (decimal 330)
   defining Unicode char U+014B (decimal 331)
   defining Unicode char U+014C (decimal 332)
   defining Unicode char U+014D (decimal 333)
   defining Unicode char U+014E (decimal 334)
   defining Unicode char U+014F (decimal 335)
   defining Unicode char U+0150 (decimal 336)
   defining Unicode char U+0151 (decimal 337)
   defining Unicode char U+0152 (decimal 338)
   defining Unicode char U+0153 (decimal 339)
   defining Unicode char U+0154 (decimal 340)
   defining Unicode char U+0155 (decimal 341)
   defining Unicode char U+0156 (decimal 342)
   defining Unicode char U+0157 (decimal 343)
   defining Unicode char U+0158 (decimal 344)
   defining Unicode char U+0159 (decimal 345)
   defining Unicode char U+015A (decimal 346)
   defining Unicode char U+015B (decimal 347)
   defining Unicode char U+015C (decimal 348)
   defining Unicode char U+015D (decimal 349)
   defining Unicode char U+015E (decimal 350)
   defining Unicode char U+015F (decimal 351)
   defining Unicode char U+0160 (decimal 352)
   defining Unicode char U+0161 (decimal 353)
   defining Unicode char U+0162 (decimal 354)
   defining Unicode char U+0163 (decimal 355)
   defining Unicode char U+0164 (decimal 356)
   defining Unicode char U+0165 (decimal 357)
   defining Unicode char U+0168 (decimal 360)
   defining Unicode char U+0169 (decimal 361)
   defining Unicode char U+016A (decimal 362)
   defining Unicode char U+016B (decimal 363)
   defining Unicode char U+016C (decimal 364)
   defining Unicode char U+016D (decimal 365)
   defining Unicode char U+016E (decimal 366)
   defining Unicode char U+016F (decimal 367)
   defining Unicode char U+0170 (decimal 368)
   defining Unicode char U+0171 (decimal 369)
   defining Unicode char U+0172 (decimal 370)
   defining Unicode char U+0173 (decimal 371)
   defining Unicode char U+0174 (decimal 372)
   defining Unicode char U+0175 (decimal 373)
   defining Unicode char U+0176 (decimal 374)
   defining Unicode char U+0177 (decimal 375)
   defining Unicode char U+0178 (decimal 376)
   defining Unicode char U+0179 (decimal 377)
   defining Unicode char U+017A (decimal 378)
   defining Unicode char U+017B (decimal 379)
   defining Unicode char U+017C (decimal 380)
   defining Unicode char U+017D (decimal 381)
   defining Unicode char U+017E (decimal 382)
   defining Unicode char U+01CD (decimal 461)
   defining Unicode char U+01CE (decimal 462)
   defining Unicode char U+01CF (decimal 463)
   defining Unicode char U+01D0 (decimal 464)
   defining Unicode char U+01D1 (decimal 465)
   defining Unicode char U+01D2 (decimal 466)
   defining Unicode char U+01D3 (decimal 467)
   defining Unicode char U+01D4 (decimal 468)
   defining Unicode char U+01E2 (decimal 482)
   defining Unicode char U+01E3 (decimal 483)
   defining Unicode char U+01E6 (decimal 486)
   defining Unicode char U+01E7 (decimal 487)
   defining Unicode char U+01E8 (decimal 488)
   defining Unicode char U+01E9 (decimal 489)
   defining Unicode char U+01EA (decimal 490)
   defining Unicode char U+01EB (decimal 491)
   defining Unicode char U+01F0 (decimal 496)
   defining Unicode char U+01F4 (decimal 500)
   defining Unicode char U+01F5 (decimal 501)
   defining Unicode char U+0218 (decimal 536)
   defining Unicode char U+0219 (decimal 537)
   defining Unicode char U+021A (decimal 538)
   defining Unicode char U+021B (decimal 539)
   defining Unicode char U+01E02 (decimal 7682)
   defining Unicode char U+01E03 (decimal 7683)
   defining Unicode char U+200C (decimal 8204)
   defining Unicode char U+2013 (decimal 8211)
   defining Unicode char U+2014 (decimal 8212)
   defining Unicode char U+2018 (decimal 8216)
   defining Unicode char U+2019 (decimal 8217)
   defining Unicode char U+201A (decimal 8218)
   defining Unicode char U+201C (decimal 8220)
   defining Unicode char U+201D (decimal 8221)
   defining Unicode char U+201E (decimal 8222)
   defining Unicode char U+2030 (decimal 8240)
   defining Unicode char U+2031 (decimal 8241)
   defining Unicode char U+2039 (decimal 8249)
   defining Unicode char U+203A (decimal 8250)
   defining Unicode char U+2423 (decimal 9251)
)
Now handling font encoding OT1 ...
... processing UTF-8 mapping file for font encoding OT1
 (/usr/share/texlive/texmf-dist/tex/latex/base/ot1enc.dfu
File: ot1enc.dfu 2015/12/03 v1.1r UTF-8 support for inputenc
   defining Unicode char U+00A0 (decimal 160)
   defining Unicode char U+00A1 (decimal 161)
   defining Unicode char U+00A3 (decimal 163)
   defining Unicode char U+00AD (decimal 173)
   defining Unicode char U+00B8 (decimal 184)
   defining Unicode char U+00BF (decimal 191)
   defining Unicode char U+00C5 (decimal 197)
   defining Unicode char U+00C6 (decimal 198)
   defining Unicode char U+00D8 (decimal 216)
   defining Unicode char U+00DF (decimal 223)
   defining Unicode char U+00E6 (decimal 230)
   defining Unicode char U+00EC (decimal 236)
   defining Unicode char U+00ED (decimal 237)
   defining Unicode char U+00EE (decimal 238)
   defining Unicode char U+00EF (decimal 239)
   defining Unicode char U+00F8 (decimal 248)
   defining Unicode char U+0131 (decimal 305)
   defining Unicode char U+0141 (decimal 321)
   defining Unicode char U+0142 (decimal 322)
   defining Unicode char U+0152 (decimal 338)
   defining Unicode char U+0153 (decimal 339)
   defining Unicode char U+0174 (decimal 372)
   defining Unicode char U+0175 (decimal 373)
   defining Unicode char U+0176 (decimal 374)
   defining Unicode char U+0177 (decimal 375)
   defining Unicode char U+0218 (decimal 536)
   defining Unicode char U+0219 (decimal 537)
   defining Unicode char U+021A (decimal 538)
   defining Unicode char U+021B (decimal 539)
   defining Unicode char U+2013 (decimal 8211)
   defining Unicode char U+2014 (decimal 8212)
   defining Unicode char U+2018 (decimal 8216)
   defining Unicode char U+2019 (decimal 8217)
   defining Unicode char U+201C (decimal 8220)
   defining Unicode char U+201D (decimal 8221)
)
Now handling font encoding OMS ...
... processing UTF-8 mapping file for font encoding OMS
 (/usr/share/texlive/texmf-dist/tex/latex/base/omsenc.dfu
File: omsenc.dfu 2015/12/03 v1.1r UTF-8 support for inputenc
   defining Unicode char U+00A7 (decimal 167)
   defining Unicode char U+00B6 (decimal 182)
   defining Unicode char U+00B7 (decimal 183)
   defining Unicode char U+2020 (decimal 8224)
   defining Unicode char U+2021 (decimal 8225)
   defining Unicode char U+2022 (decimal 8226)
)
Now handling font encoding OMX ...
... no UTF-8 mapping file for font encoding OMX
Now handling font encoding U ...
... no UTF-8 mapping file for font encoding U
   defining Unicode char U+00A9 (decimal 169)
   defining Unicode char U+00AA (decimal 170)
   defining Unicode char U+00AE (decimal 174)
   defining Unicode char U+00BA (decimal 186)
   defining Unicode char U+02C6 (decimal 710)
   defining Unicode char U+02DC (decimal 732)
   defining Unicode char U+200C (decimal 8204)
   defining Unicode char U+2026 (decimal 8230)
   defining Unicode char U+2122 (decimal 8482)
   defining Unicode char U+2423 (decimal 9251)
)) (/usr/share/texlive/texmf-dist/tex/latex/float/float.sty
Package: float 2001/11/08 v1.3d Float enhancements (AL)
\c@float@type=\count87
\float@exts=\toks16
\float@box=\box26
\@float@everytoks=\toks17
\@floatcapt=\box27
) (/usr/share/texlive/texmf-dist/tex/latex/graphics/graphicx.sty
Package: graphicx 2014/10/28 v1.0g Enhanced LaTeX Graphics (DPC,SPQR)
 (/usr/share/texlive/texmf-dist/tex/latex/graphics/keyval.sty
Package: keyval 2014/10/28 v1.15 key=value parser (DPC)
\KV@toks@=\toks18
) (/usr/share/texlive/texmf-dist/tex/latex/graphics/graphics.sty
Package: graphics 2016/01/03 v1.0q Standard LaTeX Graphics (DPC,SPQR)
 (/usr/share/texlive/texmf-dist/tex/latex/graphics/trig.sty
Package: trig 2016/01/03 v1.10 sin cos tan (DPC)
) (/usr/share/texlive/texmf-dist/tex/latex/latexconfig/graphics.cfg
File: graphics.cfg 2010/04/23 v1.9 graphics configuration of TeX Live
)
Package graphics Info: Driver file: pdftex.def on input line 95.
 (/usr/share/texlive/texmf-dist/tex/latex/pdftex-def/pdftex.def
File: pdftex.def 2011/05/27 v0.06d Graphics/color for pdfTeX
 (/usr/share/texlive/texmf-dist/tex/generic/oberdiek/infwarerr.sty
Package: infwarerr 2010/04/08 v1.3 Providing info/warning/error messages (HO)
) (/usr/share/texlive/texmf-dist/tex/generic/oberdiek/ltxcmds.sty
Package: ltxcmds 2011/11/09 v1.22 LaTeX kernel commands for general use (HO)
)
\Gread@gobject=\count88
))
\Gin@req@height=\dimen103
\Gin@req@width=\dimen104
) (/usr/share/texlive/texmf-dist/tex/latex/url/url.sty
\Urlmuskip=\muskip10
Package: url 2013/09/16  ver 3.4  Verb mode for urls, etc.
)
(/usr/share/texlive/texmf-dist/tex/latex/listings/listings.sty
\lst@mode=\count89
\lst@gtempboxa=\box28
\lst@token=\toks19
\lst@length=\count90
\lst@currlwidth=\dimen105
\lst@column=\count91
\lst@pos=\count92
\lst@lostspace=\dimen106
\lst@width=\dimen107
\lst@newlines=\count93
\lst@lineno=\count94
\lst@maxwidth=\dimen108
 (/usr/share/texlive/texmf-dist/tex/latex/listings/lstmisc.sty
File: lstmisc.sty 2015/06/04 1.6 (Carsten Heinz)
\c@lstnumber=\count95
\lst@skipnumbers=\count96
\lst@framebox=\box29
) (/usr/share/texlive/texmf-dist/tex/latex/listings/listings.cfg
File: listings.cfg 2015/06/04 1.6 listings configuration
))
Package: listings 2015/06/04 1.6 (Carsten Heinz)
 (/usr/share/texlive/texmf-dist/tex/latex/subfig/subfig.sty
Package: subfig 2005/06/28 ver: 1.3 subfig package
 (/usr/share/texlive/texmf-dist/tex/latex/caption/caption.sty
Package: caption 2016/02/21 v3.3-144 Customizing captions (AR)
 (/usr/share/texlive/texmf-dist/tex/latex/caption/caption3.sty
Package: caption3 2016/02/04 v1.7-139 caption3 kernel (AR)
Package caption3 Info: TeX engine: e-TeX on input line 67.
\captionmargin=\dimen109
\captionmargin@=\dimen110
\captionwidth=\dimen111
\caption@tempdima=\dimen112
\caption@indent=\dimen113
\caption@parindent=\dimen114
\caption@hangindent=\dimen115
)
\c@ContinuedFloat=\count97
Package caption Info: float package is loaded.
Package caption Info: listings package is loaded.
)
\c@KVtest=\count98
\sf@farskip=\skip43
\sf@captopadj=\dimen116
\sf@capskip=\skip44
\sf@nearskip=\skip45
\c@subfigure=\count99
\c@subfigure@save=\count100
\c@lofdepth=\count101
\c@subtable=\count102
\c@subtable@save=\count103
\c@lotdepth=\count104
\sf@top=\skip46
\sf@bottom=\skip47
) (/home/cj/Dropbox/Personal/Study/MasterURV/2nd_Semester/CN/Activity_2/report/latex/latex.aux)
\openout1 = `latex.aux'.

LaTeX Font Info:    Checking defaults for OML/cmm/m/it on input line 17.
LaTeX Font Info:    ... okay on input line 17.
LaTeX Font Info:    Checking defaults for T1/cmr/m/n on input line 17.
LaTeX Font Info:    ... okay on input line 17.
LaTeX Font Info:    Checking defaults for OT1/cmr/m/n on input line 17.
LaTeX Font Info:    ... okay on input line 17.
LaTeX Font Info:    Checking defaults for OMS/cmsy/m/n on input line 17.
LaTeX Font Info:    ... okay on input line 17.
LaTeX Font Info:    Checking defaults for OMX/cmex/m/n on input line 17.
LaTeX Font Info:    ... okay on input line 17.
LaTeX Font Info:    Checking defaults for U/cmr/m/n on input line 17.
LaTeX Font Info:    ... okay on input line 17.
 (/usr/share/texlive/texmf-dist/tex/context/base/supp-pdf.mkii
[Loading MPS to PDF converter (version 2006.09.02).]
\scratchcounter=\count105
\scratchdimen=\dimen117
\scratchbox=\box30
\nofMPsegments=\count106
\nofMParguments=\count107
\everyMPshowfont=\toks20
\MPscratchCnt=\count108
\MPscratchDim=\dimen118
\MPnumerator=\count109
\makeMPintoPDFobject=\count110
\everyMPtoPDFconversion=\toks21
) (/usr/share/texlive/texmf-dist/tex/generic/oberdiek/pdftexcmds.sty
Package: pdftexcmds 2011/11/29 v0.20 Utility functions of pdfTeX for LuaTeX (HO)
 (/usr/share/texlive/texmf-dist/tex/generic/oberdiek/ifluatex.sty
Package: ifluatex 2010/03/01 v1.3 Provides the ifluatex switch (HO)
Package ifluatex Info: LuaTeX not detected.
) (/usr/share/texlive/texmf-dist/tex/generic/oberdiek/ifpdf.sty
Package: ifpdf 2011/01/30 v2.3 Provides the ifpdf switch (HO)
Package ifpdf Info: pdfTeX in PDF mode is detected.
)
Package pdftexcmds Info: LuaTeX not detected.
Package pdftexcmds Info: \pdf@primitive is available.
Package pdftexcmds Info: \pdf@ifprimitive is available.
Package pdftexcmds Info: \pdfdraftmode found.
) (/usr/share/texlive/texmf-dist/tex/latex/oberdiek/epstopdf-base.sty
Package: epstopdf-base 2010/02/09 v2.5 Base part for package epstopdf
 (/usr/share/texlive/texmf-dist/tex/latex/oberdiek/grfext.sty
Package: grfext 2010/08/19 v1.1 Manage graphics extensions (HO)
 (/usr/share/texlive/texmf-dist/tex/generic/oberdiek/kvdefinekeys.sty
Package: kvdefinekeys 2011/04/07 v1.3 Define keys (HO)
)) (/usr/share/texlive/texmf-dist/tex/latex/oberdiek/kvoptions.sty
Package: kvoptions 2011/06/30 v3.11 Key value format for package options (HO)
 (/usr/share/texlive/texmf-dist/tex/generic/oberdiek/kvsetkeys.sty
Package: kvsetkeys 2012/04/25 v1.16 Key value parser (HO)
 (/usr/share/texlive/texmf-dist/tex/generic/oberdiek/etexcmds.sty
Package: etexcmds 2011/02/16 v1.5 Avoid name clashes with e-TeX commands (HO)
Package etexcmds Info: Could not find \expanded.
(etexcmds)             That can mean that you are not using pdfTeX 1.50 or
(etexcmds)             that some package has redefined \expanded.
(etexcmds)             In the latter case, load this package earlier.
)))
Package grfext Info: Graphics extension search list:
(grfext)             [.png,.pdf,.jpg,.mps,.jpeg,.jbig2,.jb2,.PNG,.PDF,.JPG,.JPEG,.JBIG2,.JB2,.eps]
(grfext)             \AppendGraphicsExtensions on input line 452.
 (/usr/share/texlive/texmf-dist/tex/latex/latexconfig/epstopdf-sys.cfg
File: epstopdf-sys.cfg 2010/07/13 v1.3 Configuration of (r)epstopdf for TeX Live
))
\c@lstlisting=\count111
Package caption Info: Begin \AtBeginDocument code.
Package caption Info: subfig package v1.3 is loaded.
Package caption Info: End \AtBeginDocument code.
LaTeX Font Info:    External font `cmex10' loaded for size
(Font)              <12> on input line 18.
LaTeX Font Info:    External font `cmex10' loaded for size
(Font)              <8> on input line 18.
LaTeX Font Info:    External font `cmex10' loaded for size
(Font)              <6> on input line 18.
 [1

{/var/lib/texmf/fonts/map/pdftex/updmap/pdftex.map}] (/home/cj/Dropbox/Personal/Study/MasterURV/2nd_Semester/CN/Activity_2/report/latex/latex.toc
/home/cj/Dropbox/Personal/Study/MasterURV/2nd_Semester/CN/Activity_2/report/latex/latex.toc:5: Misplaced alignment tab character &.
<argument> \numberline {5}Barab\IeC {\'a}si &
                                              Albert (BA)
l.5 ...ine {5}Barab\IeC {\'a}si & Albert (BA)}{40}
                                                  
I can't figure out why you would want to use a tab mark
here. If you just want an ampersand, the remedy is
simple: Just type `I\&' now. But if some right brace
up above has ended a previous alignment prematurely,
you're probably due for more error messages, and you
might try typing `S' now just to see what is salvageable.

)
\tf@toc=\write3
\openout3 = `latex.toc'.

 [2]
/home/cj/Dropbox/Personal/Study/MasterURV/2nd_Semester/CN/Activity_2/report/latex/latex.tex:24: Misplaced alignment tab character &.
l.24     Barabási &
                     Albert (BA) preferential attachment model [score: 3]
I can't figure out why you would want to use a tab mark
here. If you just want an ampersand, the remedy is
simple: Just type `I\&' now. But if some right brace
up above has ended a previous alignment prematurely,
you're probably due for more error messages, and you
might try typing `S' now just to see what is salvageable.

/home/cj/Dropbox/Personal/Study/MasterURV/2nd_Semester/CN/Activity_2/report/latex/latex.tex:34: Misplaced alignment tab character &.
l.34 ... (ER), Watts-Strogatz (WS) and Barabási &
                                                   Albert (BA).
I can't figure out why you would want to use a tab mark
here. If you just want an ampersand, the remedy is
simple: Just type `I\&' now. But if some right brace
up above has ended a previous alignment prematurely,
you're probably due for more error messages, and you
might try typing `S' now just to see what is salvageable.

[3] <"../../output/plots/erdos_renyi/erdos_renyi_[n=100,p=0.01]".png, id=17, 462.528pt x 346.896pt>
File: "../../output/plots/erdos_renyi/erdos_renyi_[n=100,p=0.01]".png Graphic file (type png)
 <use "../../output/plots/erdos_renyi/erdos_renyi_[n=100,p=0.01]".png>
Package pdftex.def Info: "../../output/plots/erdos_renyi/erdos_renyi_[n=100,p=0.01]".png used on input line 43.
(pdftex.def)             Requested size: 276.00105pt x 207.01175pt.
 <"../../output/plots/erdos_renyi/erdos_renyi_[n=100,p=0.01]_deg_dist".png, id=19, 867.24pt x 433.62pt>
File: "../../output/plots/erdos_renyi/erdos_renyi_[n=100,p=0.01]_deg_dist".png Graphic file (type png)
 <use "../../output/plots/erdos_renyi/erdos_renyi_[n=100,p=0.01]_deg_dist".png>
Package pdftex.def Info: "../../output/plots/erdos_renyi/erdos_renyi_[n=100,p=0.01]_deg_dist".png used on input line 52.
(pdftex.def)             Requested size: 276.00105pt x 138.00034pt.
 [4 <../../output/plots/erdos_renyi/erdos_renyi_[n=100,p=0.01].png> <../../output/plots/erdos_renyi/erdos_renyi_[n=100,p=0.01]_deg_dist.png>] <"../../output/plots/erdos_renyi/erdos_renyi_[n=100,p=0.02]".png, id=25, 462.528pt x 346.896pt>
File: "../../output/plots/erdos_renyi/erdos_renyi_[n=100,p=0.02]".png Graphic file (type png)
 <use "../../output/plots/erdos_renyi/erdos_renyi_[n=100,p=0.02]".png>
Package pdftex.def Info: "../../output/plots/erdos_renyi/erdos_renyi_[n=100,p=0.02]".png used on input line 64.
(pdftex.def)             Requested size: 276.00105pt x 207.01175pt.
 <"../../output/plots/erdos_renyi/erdos_renyi_[n=100,p=0.02]_deg_dist".png, id=26, 867.24pt x 433.62pt>
File: "../../output/plots/erdos_renyi/erdos_renyi_[n=100,p=0.02]_deg_dist".png Graphic file (type png)
 <use "../../output/plots/erdos_renyi/erdos_renyi_[n=100,p=0.02]_deg_dist".png>
Package pdftex.def Info: "../../output/plots/erdos_renyi/erdos_renyi_[n=100,p=0.02]_deg_dist".png used on input line 73.
(pdftex.def)             Requested size: 276.00105pt x 138.00034pt.
 [5 <../../output/plots/erdos_renyi/erdos_renyi_[n=100,p=0.02].png> <../../output/plots/erdos_renyi/erdos_renyi_[n=100,p=0.02]_deg_dist.png>]
<"../../output/plots/erdos_renyi/erdos_renyi_[n=100,p=0.03]".png, id=32, 462.528pt x 346.896pt>
File: "../../output/plots/erdos_renyi/erdos_renyi_[n=100,p=0.03]".png Graphic file (type png)
 <use "../../output/plots/erdos_renyi/erdos_renyi_[n=100,p=0.03]".png>
Package pdftex.def Info: "../../output/plots/erdos_renyi/erdos_renyi_[n=100,p=0.03]".png used on input line 85.
(pdftex.def)             Requested size: 276.00105pt x 207.01175pt.
 <"../../output/plots/erdos_renyi/erdos_renyi_[n=100,p=0.03]_deg_dist".png, id=33, 867.24pt x 433.62pt>
File: "../../output/plots/erdos_renyi/erdos_renyi_[n=100,p=0.03]_deg_dist".png Graphic file (type png)
 <use "../../output/plots/erdos_renyi/erdos_renyi_[n=100,p=0.03]_deg_dist".png>
Package pdftex.def Info: "../../output/plots/erdos_renyi/erdos_renyi_[n=100,p=0.03]_deg_dist".png used on input line 94.
(pdftex.def)             Requested size: 276.00105pt x 138.00034pt.
 [6 <../../output/plots/erdos_renyi/erdos_renyi_[n=100,p=0.03].png> <../../output/plots/erdos_renyi/erdos_renyi_[n=100,p=0.03]_deg_dist.png>] <"../../output/plots/erdos_renyi/erdos_renyi_[n=100,p=0.05]".png, id=39, 462.528pt x 346.896pt>
File: "../../output/plots/erdos_renyi/erdos_renyi_[n=100,p=0.05]".png Graphic file (type png)
 <use "../../output/plots/erdos_renyi/erdos_renyi_[n=100,p=0.05]".png>
Package pdftex.def Info: "../../output/plots/erdos_renyi/erdos_renyi_[n=100,p=0.05]".png used on input line 106.
(pdftex.def)             Requested size: 276.00105pt x 207.01175pt.
 <"../../output/plots/erdos_renyi/erdos_renyi_[n=100,p=0.05]_deg_dist".png, id=40, 867.24pt x 433.62pt>
File: "../../output/plots/erdos_renyi/erdos_renyi_[n=100,p=0.05]_deg_dist".png Graphic file (type png)
 <use "../../output/plots/erdos_renyi/erdos_renyi_[n=100,p=0.05]_deg_dist".png>
Package pdftex.def Info: "../../output/plots/erdos_renyi/erdos_renyi_[n=100,p=0.05]_deg_dist".png used on input line 115.
(pdftex.def)             Requested size: 276.00105pt x 138.00034pt.
 [7 <../../output/plots/erdos_renyi/erdos_renyi_[n=100,p=0.05].png> <../../output/plots/erdos_renyi/erdos_renyi_[n=100,p=0.05]_deg_dist.png>]
<"../../output/plots/erdos_renyi/erdos_renyi_[n=100,p=0.0]".png, id=47, 462.528pt x 346.896pt>
File: "../../output/plots/erdos_renyi/erdos_renyi_[n=100,p=0.0]".png Graphic file (type png)
 <use "../../output/plots/erdos_renyi/erdos_renyi_[n=100,p=0.0]".png>
Package pdftex.def Info: "../../output/plots/erdos_renyi/erdos_renyi_[n=100,p=0.0]".png used on input line 127.
(pdftex.def)             Requested size: 276.00105pt x 207.01175pt.
 <"../../output/plots/erdos_renyi/erdos_renyi_[n=100,p=0.0]_deg_dist".png, id=48, 867.24pt x 433.62pt>
File: "../../output/plots/erdos_renyi/erdos_renyi_[n=100,p=0.0]_deg_dist".png Graphic file (type png)
 <use "../../output/plots/erdos_renyi/erdos_renyi_[n=100,p=0.0]_deg_dist".png>
Package pdftex.def Info: "../../output/plots/erdos_renyi/erdos_renyi_[n=100,p=0.0]_deg_dist".png used on input line 136.
(pdftex.def)             Requested size: 276.00105pt x 138.00034pt.
 [8 <../../output/plots/erdos_renyi/erdos_renyi_[n=100,p=0.0].png> <../../output/plots/erdos_renyi/erdos_renyi_[n=100,p=0.0]_deg_dist.png>] <"../../output/plots/erdos_renyi/erdos_renyi_[n=100,p=0.1]".png, id=54, 462.528pt x 346.896pt>
File: "../../output/plots/erdos_renyi/erdos_renyi_[n=100,p=0.1]".png Graphic file (type png)
 <use "../../output/plots/erdos_renyi/erdos_renyi_[n=100,p=0.1]".png>
Package pdftex.def Info: "../../output/plots/erdos_renyi/erdos_renyi_[n=100,p=0.1]".png used on input line 148.
(pdftex.def)             Requested size: 276.00105pt x 207.01175pt.
 <"../../output/plots/erdos_renyi/erdos_renyi_[n=100,p=0.1]_deg_dist".png, id=55, 867.24pt x 433.62pt>
File: "../../output/plots/erdos_renyi/erdos_renyi_[n=100,p=0.1]_deg_dist".png Graphic file (type png)
 <use "../../output/plots/erdos_renyi/erdos_renyi_[n=100,p=0.1]_deg_dist".png>
Package pdftex.def Info: "../../output/plots/erdos_renyi/erdos_renyi_[n=100,p=0.1]_deg_dist".png used on input line 157.
(pdftex.def)             Requested size: 276.00105pt x 138.00034pt.
 [9 <../../output/plots/erdos_renyi/erdos_renyi_[n=100,p=0.1].png> <../../output/plots/erdos_renyi/erdos_renyi_[n=100,p=0.1]_deg_dist.png>]
<"../../output/plots/erdos_renyi/erdos_renyi_[n=20,p=0.01]".png, id=61, 462.528pt x 346.896pt>
File: "../../output/plots/erdos_renyi/erdos_renyi_[n=20,p=0.01]".png Graphic file (type png)
 <use "../../output/plots/erdos_renyi/erdos_renyi_[n=20,p=0.01]".png>
Package pdftex.def Info: "../../output/plots/erdos_renyi/erdos_renyi_[n=20,p=0.01]".png used on input line 169.
(pdftex.def)             Requested size: 276.00105pt x 207.01175pt.
 <"../../output/plots/erdos_renyi/erdos_renyi_[n=20,p=0.01]_deg_dist".png, id=62, 867.24pt x 433.62pt>
File: "../../output/plots/erdos_renyi/erdos_renyi_[n=20,p=0.01]_deg_dist".png Graphic file (type png)
 <use "../../output/plots/erdos_renyi/erdos_renyi_[n=20,p=0.01]_deg_dist".png>
Package pdftex.def Info: "../../output/plots/erdos_renyi/erdos_renyi_[n=20,p=0.01]_deg_dist".png used on input line 178.
(pdftex.def)             Requested size: 276.00105pt x 138.00034pt.
 [10 <../../output/plots/erdos_renyi/erdos_renyi_[n=20,p=0.01].png> <../../output/plots/erdos_renyi/erdos_renyi_[n=20,p=0.01]_deg_dist.png>] <"../../output/plots/erdos_renyi/erdos_renyi_[n=20,p=0.02]".png, id=68, 462.528pt x 346.896pt>
File: "../../output/plots/erdos_renyi/erdos_renyi_[n=20,p=0.02]".png Graphic file (type png)
 <use "../../output/plots/erdos_renyi/erdos_renyi_[n=20,p=0.02]".png>
Package pdftex.def Info: "../../output/plots/erdos_renyi/erdos_renyi_[n=20,p=0.02]".png used on input line 190.
(pdftex.def)             Requested size: 276.00105pt x 207.01175pt.
 <"../../output/plots/erdos_renyi/erdos_renyi_[n=20,p=0.02]_deg_dist".png, id=69, 867.24pt x 433.62pt>
File: "../../output/plots/erdos_renyi/erdos_renyi_[n=20,p=0.02]_deg_dist".png Graphic file (type png)
 <use "../../output/plots/erdos_renyi/erdos_renyi_[n=20,p=0.02]_deg_dist".png>
Package pdftex.def Info: "../../output/plots/erdos_renyi/erdos_renyi_[n=20,p=0.02]_deg_dist".png used on input line 199.
(pdftex.def)             Requested size: 276.00105pt x 138.00034pt.
 [11 <../../output/plots/erdos_renyi/erdos_renyi_[n=20,p=0.02].png> <../../output/plots/erdos_renyi/erdos_renyi_[n=20,p=0.02]_deg_dist.png>]
<"../../output/plots/erdos_renyi/erdos_renyi_[n=20,p=0.03]".png, id=75, 462.528pt x 346.896pt>
File: "../../output/plots/erdos_renyi/erdos_renyi_[n=20,p=0.03]".png Graphic file (type png)
 <use "../../output/plots/erdos_renyi/erdos_renyi_[n=20,p=0.03]".png>
Package pdftex.def Info: "../../output/plots/erdos_renyi/erdos_renyi_[n=20,p=0.03]".png used on input line 211.
(pdftex.def)             Requested size: 276.00105pt x 207.01175pt.
 <"../../output/plots/erdos_renyi/erdos_renyi_[n=20,p=0.03]_deg_dist".png, id=76, 867.24pt x 433.62pt>
File: "../../output/plots/erdos_renyi/erdos_renyi_[n=20,p=0.03]_deg_dist".png Graphic file (type png)
 <use "../../output/plots/erdos_renyi/erdos_renyi_[n=20,p=0.03]_deg_dist".png>
Package pdftex.def Info: "../../output/plots/erdos_renyi/erdos_renyi_[n=20,p=0.03]_deg_dist".png used on input line 220.
(pdftex.def)             Requested size: 276.00105pt x 138.00034pt.
 [12 <../../output/plots/erdos_renyi/erdos_renyi_[n=20,p=0.03].png> <../../output/plots/erdos_renyi/erdos_renyi_[n=20,p=0.03]_deg_dist.png>] <"../../output/plots/erdos_renyi/erdos_renyi_[n=20,p=0.05]".png, id=82, 462.528pt x 346.896pt>
File: "../../output/plots/erdos_renyi/erdos_renyi_[n=20,p=0.05]".png Graphic file (type png)
 <use "../../output/plots/erdos_renyi/erdos_renyi_[n=20,p=0.05]".png>
Package pdftex.def Info: "../../output/plots/erdos_renyi/erdos_renyi_[n=20,p=0.05]".png used on input line 232.
(pdftex.def)             Requested size: 276.00105pt x 207.01175pt.
 <"../../output/plots/erdos_renyi/erdos_renyi_[n=20,p=0.05]_deg_dist".png, id=83, 867.24pt x 433.62pt>
File: "../../output/plots/erdos_renyi/erdos_renyi_[n=20,p=0.05]_deg_dist".png Graphic file (type png)
 <use "../../output/plots/erdos_renyi/erdos_renyi_[n=20,p=0.05]_deg_dist".png>
Package pdftex.def Info: "../../output/plots/erdos_renyi/erdos_renyi_[n=20,p=0.05]_deg_dist".png used on input line 241.
(pdftex.def)             Requested size: 276.00105pt x 138.00034pt.
 [13 <../../output/plots/erdos_renyi/erdos_renyi_[n=20,p=0.05].png> <../../output/plots/erdos_renyi/erdos_renyi_[n=20,p=0.05]_deg_dist.png>]
<"../../output/plots/erdos_renyi/erdos_renyi_[n=20,p=0.0]".png, id=90, 462.528pt x 346.896pt>
File: "../../output/plots/erdos_renyi/erdos_renyi_[n=20,p=0.0]".png Graphic file (type png)
 <use "../../output/plots/erdos_renyi/erdos_renyi_[n=20,p=0.0]".png>
Package pdftex.def Info: "../../output/plots/erdos_renyi/erdos_renyi_[n=20,p=0.0]".png used on input line 253.
(pdftex.def)             Requested size: 276.00105pt x 207.01175pt.
 <"../../output/plots/erdos_renyi/erdos_renyi_[n=20,p=0.0]_deg_dist".png, id=91, 867.24pt x 433.62pt>
File: "../../output/plots/erdos_renyi/erdos_renyi_[n=20,p=0.0]_deg_dist".png Graphic file (type png)
 <use "../../output/plots/erdos_renyi/erdos_renyi_[n=20,p=0.0]_deg_dist".png>
Package pdftex.def Info: "../../output/plots/erdos_renyi/erdos_renyi_[n=20,p=0.0]_deg_dist".png used on input line 262.
(pdftex.def)             Requested size: 276.00105pt x 138.00034pt.
 [14 <../../output/plots/erdos_renyi/erdos_renyi_[n=20,p=0.0].png> <../../output/plots/erdos_renyi/erdos_renyi_[n=20,p=0.0]_deg_dist.png>] <"../../output/plots/erdos_renyi/erdos_renyi_[n=20,p=0.1]".png, id=97, 462.528pt x 346.896pt>
File: "../../output/plots/erdos_renyi/erdos_renyi_[n=20,p=0.1]".png Graphic file (type png)
 <use "../../output/plots/erdos_renyi/erdos_renyi_[n=20,p=0.1]".png>
Package pdftex.def Info: "../../output/plots/erdos_renyi/erdos_renyi_[n=20,p=0.1]".png used on input line 274.
(pdftex.def)             Requested size: 276.00105pt x 207.01175pt.
 <"../../output/plots/erdos_renyi/erdos_renyi_[n=20,p=0.1]_deg_dist".png, id=98, 867.24pt x 433.62pt>
File: "../../output/plots/erdos_renyi/erdos_renyi_[n=20,p=0.1]_deg_dist".png Graphic file (type png)
 <use "../../output/plots/erdos_renyi/erdos_renyi_[n=20,p=0.1]_deg_dist".png>
Package pdftex.def Info: "../../output/plots/erdos_renyi/erdos_renyi_[n=20,p=0.1]_deg_dist".png used on input line 283.
(pdftex.def)             Requested size: 276.00105pt x 138.00034pt.
 [15 <../../output/plots/erdos_renyi/erdos_renyi_[n=20,p=0.1].png> <../../output/plots/erdos_renyi/erdos_renyi_[n=20,p=0.1]_deg_dist.png>]
<"../../output/plots/erdos_renyi/erdos_renyi_[n=50,p=0.01]".png, id=104, 462.528pt x 346.896pt>
File: "../../output/plots/erdos_renyi/erdos_renyi_[n=50,p=0.01]".png Graphic file (type png)
 <use "../../output/plots/erdos_renyi/erdos_renyi_[n=50,p=0.01]".png>
Package pdftex.def Info: "../../output/plots/erdos_renyi/erdos_renyi_[n=50,p=0.01]".png used on input line 295.
(pdftex.def)             Requested size: 276.00105pt x 207.01175pt.
 <"../../output/plots/erdos_renyi/erdos_renyi_[n=50,p=0.01]_deg_dist".png, id=105, 867.24pt x 433.62pt>
File: "../../output/plots/erdos_renyi/erdos_renyi_[n=50,p=0.01]_deg_dist".png Graphic file (type png)
 <use "../../output/plots/erdos_renyi/erdos_renyi_[n=50,p=0.01]_deg_dist".png>
Package pdftex.def Info: "../../output/plots/erdos_renyi/erdos_renyi_[n=50,p=0.01]_deg_dist".png used on input line 304.
(pdftex.def)             Requested size: 276.00105pt x 138.00034pt.
 [16 <../../output/plots/erdos_renyi/erdos_renyi_[n=50,p=0.01].png> <../../output/plots/erdos_renyi/erdos_renyi_[n=50,p=0.01]_deg_dist.png>] <"../../output/plots/erdos_renyi/erdos_renyi_[n=50,p=0.02]".png, id=111, 462.528pt x 346.896pt>
File: "../../output/plots/erdos_renyi/erdos_renyi_[n=50,p=0.02]".png Graphic file (type png)
 <use "../../output/plots/erdos_renyi/erdos_renyi_[n=50,p=0.02]".png>
Package pdftex.def Info: "../../output/plots/erdos_renyi/erdos_renyi_[n=50,p=0.02]".png used on input line 316.
(pdftex.def)             Requested size: 276.00105pt x 207.01175pt.
 <"../../output/plots/erdos_renyi/erdos_renyi_[n=50,p=0.02]_deg_dist".png, id=112, 867.24pt x 433.62pt>
File: "../../output/plots/erdos_renyi/erdos_renyi_[n=50,p=0.02]_deg_dist".png Graphic file (type png)
 <use "../../output/plots/erdos_renyi/erdos_renyi_[n=50,p=0.02]_deg_dist".png>
Package pdftex.def Info: "../../output/plots/erdos_renyi/erdos_renyi_[n=50,p=0.02]_deg_dist".png used on input line 325.
(pdftex.def)             Requested size: 276.00105pt x 138.00034pt.
 [17 <../../output/plots/erdos_renyi/erdos_renyi_[n=50,p=0.02].png> <../../output/plots/erdos_renyi/erdos_renyi_[n=50,p=0.02]_deg_dist.png>]
<"../../output/plots/erdos_renyi/erdos_renyi_[n=50,p=0.03]".png, id=118, 462.528pt x 346.896pt>
File: "../../output/plots/erdos_renyi/erdos_renyi_[n=50,p=0.03]".png Graphic file (type png)
 <use "../../output/plots/erdos_renyi/erdos_renyi_[n=50,p=0.03]".png>
Package pdftex.def Info: "../../output/plots/erdos_renyi/erdos_renyi_[n=50,p=0.03]".png used on input line 337.
(pdftex.def)             Requested size: 276.00105pt x 207.01175pt.
 <"../../output/plots/erdos_renyi/erdos_renyi_[n=50,p=0.03]_deg_dist".png, id=119, 867.24pt x 433.62pt>
File: "../../output/plots/erdos_renyi/erdos_renyi_[n=50,p=0.03]_deg_dist".png Graphic file (type png)
 <use "../../output/plots/erdos_renyi/erdos_renyi_[n=50,p=0.03]_deg_dist".png>
Package pdftex.def Info: "../../output/plots/erdos_renyi/erdos_renyi_[n=50,p=0.03]_deg_dist".png used on input line 346.
(pdftex.def)             Requested size: 276.00105pt x 138.00034pt.
 [18 <../../output/plots/erdos_renyi/erdos_renyi_[n=50,p=0.03].png> <../../output/plots/erdos_renyi/erdos_renyi_[n=50,p=0.03]_deg_dist.png>] <"../../output/plots/erdos_renyi/erdos_renyi_[n=50,p=0.05]".png, id=125, 462.528pt x 346.896pt>
File: "../../output/plots/erdos_renyi/erdos_renyi_[n=50,p=0.05]".png Graphic file (type png)
 <use "../../output/plots/erdos_renyi/erdos_renyi_[n=50,p=0.05]".png>
Package pdftex.def Info: "../../output/plots/erdos_renyi/erdos_renyi_[n=50,p=0.05]".png used on input line 358.
(pdftex.def)             Requested size: 276.00105pt x 207.01175pt.
 <"../../output/plots/erdos_renyi/erdos_renyi_[n=50,p=0.05]_deg_dist".png, id=126, 867.24pt x 433.62pt>
File: "../../output/plots/erdos_renyi/erdos_renyi_[n=50,p=0.05]_deg_dist".png Graphic file (type png)
 <use "../../output/plots/erdos_renyi/erdos_renyi_[n=50,p=0.05]_deg_dist".png>
Package pdftex.def Info: "../../output/plots/erdos_renyi/erdos_renyi_[n=50,p=0.05]_deg_dist".png used on input line 367.
(pdftex.def)             Requested size: 276.00105pt x 138.00034pt.
 [19 <../../output/plots/erdos_renyi/erdos_renyi_[n=50,p=0.05].png> <../../output/plots/erdos_renyi/erdos_renyi_[n=50,p=0.05]_deg_dist.png>]
<"../../output/plots/erdos_renyi/erdos_renyi_[n=50,p=0.0]".png, id=133, 462.528pt x 346.896pt>
File: "../../output/plots/erdos_renyi/erdos_renyi_[n=50,p=0.0]".png Graphic file (type png)
 <use "../../output/plots/erdos_renyi/erdos_renyi_[n=50,p=0.0]".png>
Package pdftex.def Info: "../../output/plots/erdos_renyi/erdos_renyi_[n=50,p=0.0]".png used on input line 379.
(pdftex.def)             Requested size: 276.00105pt x 207.01175pt.
 <"../../output/plots/erdos_renyi/erdos_renyi_[n=50,p=0.0]_deg_dist".png, id=134, 867.24pt x 433.62pt>
File: "../../output/plots/erdos_renyi/erdos_renyi_[n=50,p=0.0]_deg_dist".png Graphic file (type png)
 <use "../../output/plots/erdos_renyi/erdos_renyi_[n=50,p=0.0]_deg_dist".png>
Package pdftex.def Info: "../../output/plots/erdos_renyi/erdos_renyi_[n=50,p=0.0]_deg_dist".png used on input line 388.
(pdftex.def)             Requested size: 276.00105pt x 138.00034pt.
 [20 <../../output/plots/erdos_renyi/erdos_renyi_[n=50,p=0.0].png> <../../output/plots/erdos_renyi/erdos_renyi_[n=50,p=0.0]_deg_dist.png>] <"../../output/plots/erdos_renyi/erdos_renyi_[n=50,p=0.1]".png, id=140, 462.528pt x 346.896pt>
File: "../../output/plots/erdos_renyi/erdos_renyi_[n=50,p=0.1]".png Graphic file (type png)
 <use "../../output/plots/erdos_renyi/erdos_renyi_[n=50,p=0.1]".png>
Package pdftex.def Info: "../../output/plots/erdos_renyi/erdos_renyi_[n=50,p=0.1]".png used on input line 400.
(pdftex.def)             Requested size: 276.00105pt x 207.01175pt.
 <"../../output/plots/erdos_renyi/erdos_renyi_[n=50,p=0.1]_deg_dist".png, id=141, 867.24pt x 433.62pt>
File: "../../output/plots/erdos_renyi/erdos_renyi_[n=50,p=0.1]_deg_dist".png Graphic file (type png)
 <use "../../output/plots/erdos_renyi/erdos_renyi_[n=50,p=0.1]_deg_dist".png>
Package pdftex.def Info: "../../output/plots/erdos_renyi/erdos_renyi_[n=50,p=0.1]_deg_dist".png used on input line 409.
(pdftex.def)             Requested size: 276.00105pt x 138.00034pt.
 [21 <../../output/plots/erdos_renyi/erdos_renyi_[n=50,p=0.1].png> <../../output/plots/erdos_renyi/erdos_renyi_[n=50,p=0.1]_deg_dist.png>]
<"../../output/plots/watts_strogatz/watts_strogatz_[n=100,k=4,p=0.0]".png, id=147, 462.528pt x 346.896pt>
File: "../../output/plots/watts_strogatz/watts_strogatz_[n=100,k=4,p=0.0]".png Graphic file (type png)
 <use "../../output/plots/watts_strogatz/watts_strogatz_[n=100,k=4,p=0.0]".png>
Package pdftex.def Info: "../../output/plots/watts_strogatz/watts_strogatz_[n=100,k=4,p=0.0]".png used on input line 421.
(pdftex.def)             Requested size: 276.00105pt x 207.01175pt.
 <"../../output/plots/watts_strogatz/watts_strogatz_[n=100,k=4,p=0.0]_deg_dist".png, id=148, 867.24pt x 433.62pt>
File: "../../output/plots/watts_strogatz/watts_strogatz_[n=100,k=4,p=0.0]_deg_dist".png Graphic file (type png)
 <use "../../output/plots/watts_strogatz/watts_strogatz_[n=100,k=4,p=0.0]_deg_dist".png>
Package pdftex.def Info: "../../output/plots/watts_strogatz/watts_strogatz_[n=100,k=4,p=0.0]_deg_dist".png used on input line 430.
(pdftex.def)             Requested size: 276.00105pt x 138.00034pt.
 [22 <../../output/plots/watts_strogatz/watts_strogatz_[n=100,k=4,p=0.0].png> <../../output/plots/watts_strogatz/watts_strogatz_[n=100,k=4,p=0.0]_deg_dist.png>] <"../../output/plots/watts_strogatz/watts_strogatz_[n=100,k=4,p=0.1]".png, id=154, 462.528pt x 346.896pt>
File: "../../output/plots/watts_strogatz/watts_strogatz_[n=100,k=4,p=0.1]".png Graphic file (type png)
 <use "../../output/plots/watts_strogatz/watts_strogatz_[n=100,k=4,p=0.1]".png>
Package pdftex.def Info: "../../output/plots/watts_strogatz/watts_strogatz_[n=100,k=4,p=0.1]".png used on input line 442.
(pdftex.def)             Requested size: 276.00105pt x 207.01175pt.
 <"../../output/plots/watts_strogatz/watts_strogatz_[n=100,k=4,p=0.1]_deg_dist".png, id=155, 867.24pt x 433.62pt>
File: "../../output/plots/watts_strogatz/watts_strogatz_[n=100,k=4,p=0.1]_deg_dist".png Graphic file (type png)
 <use "../../output/plots/watts_strogatz/watts_strogatz_[n=100,k=4,p=0.1]_deg_dist".png>
Package pdftex.def Info: "../../output/plots/watts_strogatz/watts_strogatz_[n=100,k=4,p=0.1]_deg_dist".png used on input line 451.
(pdftex.def)             Requested size: 276.00105pt x 138.00034pt.
 [23 <../../output/plots/watts_strogatz/watts_strogatz_[n=100,k=4,p=0.1].png> <../../output/plots/watts_strogatz/watts_strogatz_[n=100,k=4,p=0.1]_deg_dist.png>] <"../../output/plots/watts_strogatz/watts_strogatz_[n=100,k=4,p=0.2]".png, id=161, 462.528pt x 346.896pt>
File: "../../output/plots/watts_strogatz/watts_strogatz_[n=100,k=4,p=0.2]".png Graphic file (type png)
 <use "../../output/plots/watts_strogatz/watts_strogatz_[n=100,k=4,p=0.2]".png>
Package pdftex.def Info: "../../output/plots/watts_strogatz/watts_strogatz_[n=100,k=4,p=0.2]".png used on input line 463.
(pdftex.def)             Requested size: 276.00105pt x 207.01175pt.
 <"../../output/plots/watts_strogatz/watts_strogatz_[n=100,k=4,p=0.2]_deg_dist".png, id=162, 867.24pt x 433.62pt>
File: "../../output/plots/watts_strogatz/watts_strogatz_[n=100,k=4,p=0.2]_deg_dist".png Graphic file (type png)
 <use "../../output/plots/watts_strogatz/watts_strogatz_[n=100,k=4,p=0.2]_deg_dist".png>
Package pdftex.def Info: "../../output/plots/watts_strogatz/watts_strogatz_[n=100,k=4,p=0.2]_deg_dist".png used on input line 472.
(pdftex.def)             Requested size: 276.00105pt x 138.00034pt.
 [24 <../../output/plots/watts_strogatz/watts_strogatz_[n=100,k=4,p=0.2].png> <../../output/plots/watts_strogatz/watts_strogatz_[n=100,k=4,p=0.2]_deg_dist.png>] <"../../output/plots/watts_strogatz/watts_strogatz_[n=100,k=4,p=0.5]".png, id=168, 462.528pt x 346.896pt>
File: "../../output/plots/watts_strogatz/watts_strogatz_[n=100,k=4,p=0.5]".png Graphic file (type png)
 <use "../../output/plots/watts_strogatz/watts_strogatz_[n=100,k=4,p=0.5]".png>
Package pdftex.def Info: "../../output/plots/watts_strogatz/watts_strogatz_[n=100,k=4,p=0.5]".png used on input line 484.
(pdftex.def)             Requested size: 276.00105pt x 207.01175pt.
 <"../../output/plots/watts_strogatz/watts_strogatz_[n=100,k=4,p=0.5]_deg_dist".png, id=169, 867.24pt x 433.62pt>
File: "../../output/plots/watts_strogatz/watts_strogatz_[n=100,k=4,p=0.5]_deg_dist".png Graphic file (type png)

<use "../../output/plots/watts_strogatz/watts_strogatz_[n=100,k=4,p=0.5]_deg_dist".png>
Package pdftex.def Info: "../../output/plots/watts_strogatz/watts_strogatz_[n=100,k=4,p=0.5]_deg_dist".png used on input line 493.
(pdftex.def)             Requested size: 276.00105pt x 138.00034pt.
 [25 <../../output/plots/watts_strogatz/watts_strogatz_[n=100,k=4,p=0.5].png> <../../output/plots/watts_strogatz/watts_strogatz_[n=100,k=4,p=0.5]_deg_dist.png>] <"../../output/plots/watts_strogatz/watts_strogatz_[n=100,k=4,p=0.9]".png, id=176, 462.528pt x 346.896pt>
File: "../../output/plots/watts_strogatz/watts_strogatz_[n=100,k=4,p=0.9]".png Graphic file (type png)
 <use "../../output/plots/watts_strogatz/watts_strogatz_[n=100,k=4,p=0.9]".png>
Package pdftex.def Info: "../../output/plots/watts_strogatz/watts_strogatz_[n=100,k=4,p=0.9]".png used on input line 505.
(pdftex.def)             Requested size: 276.00105pt x 207.01175pt.
 <"../../output/plots/watts_strogatz/watts_strogatz_[n=100,k=4,p=0.9]_deg_dist".png, id=177, 867.24pt x 433.62pt>
File: "../../output/plots/watts_strogatz/watts_strogatz_[n=100,k=4,p=0.9]_deg_dist".png Graphic file (type png)
 <use "../../output/plots/watts_strogatz/watts_strogatz_[n=100,k=4,p=0.9]_deg_dist".png>
Package pdftex.def Info: "../../output/plots/watts_strogatz/watts_strogatz_[n=100,k=4,p=0.9]_deg_dist".png used on input line 514.
(pdftex.def)             Requested size: 276.00105pt x 138.00034pt.
 [26 <../../output/plots/watts_strogatz/watts_strogatz_[n=100,k=4,p=0.9].png> <../../output/plots/watts_strogatz/watts_strogatz_[n=100,k=4,p=0.9]_deg_dist.png>] <"../../output/plots/watts_strogatz/watts_strogatz_[n=100,k=4,p=1.0]".png, id=183, 462.528pt x 346.896pt>
File: "../../output/plots/watts_strogatz/watts_strogatz_[n=100,k=4,p=1.0]".png Graphic file (type png)
 <use "../../output/plots/watts_strogatz/watts_strogatz_[n=100,k=4,p=1.0]".png>
Package pdftex.def Info: "../../output/plots/watts_strogatz/watts_strogatz_[n=100,k=4,p=1.0]".png used on input line 526.
(pdftex.def)             Requested size: 276.00105pt x 207.01175pt.

<"../../output/plots/watts_strogatz/watts_strogatz_[n=100,k=4,p=1.0]_deg_dist".png, id=184, 867.24pt x 433.62pt>
File: "../../output/plots/watts_strogatz/watts_strogatz_[n=100,k=4,p=1.0]_deg_dist".png Graphic file (type png)
 <use "../../output/plots/watts_strogatz/watts_strogatz_[n=100,k=4,p=1.0]_deg_dist".png>
Package pdftex.def Info: "../../output/plots/watts_strogatz/watts_strogatz_[n=100,k=4,p=1.0]_deg_dist".png used on input line 535.
(pdftex.def)             Requested size: 276.00105pt x 138.00034pt.
 [27 <../../output/plots/watts_strogatz/watts_strogatz_[n=100,k=4,p=1.0].png> <../../output/plots/watts_strogatz/watts_strogatz_[n=100,k=4,p=1.0]_deg_dist.png>] <"../../output/plots/watts_strogatz/watts_strogatz_[n=20,k=4,p=0.0]".png, id=190, 462.528pt x 346.896pt>
File: "../../output/plots/watts_strogatz/watts_strogatz_[n=20,k=4,p=0.0]".png Graphic file (type png)
 <use "../../output/plots/watts_strogatz/watts_strogatz_[n=20,k=4,p=0.0]".png>
Package pdftex.def Info: "../../output/plots/watts_strogatz/watts_strogatz_[n=20,k=4,p=0.0]".png used on input line 547.
(pdftex.def)             Requested size: 276.00105pt x 207.01175pt.
 <"../../output/plots/watts_strogatz/watts_strogatz_[n=20,k=4,p=0.0]_deg_dist".png, id=191, 867.24pt x 433.62pt>
File: "../../output/plots/watts_strogatz/watts_strogatz_[n=20,k=4,p=0.0]_deg_dist".png Graphic file (type png)
 <use "../../output/plots/watts_strogatz/watts_strogatz_[n=20,k=4,p=0.0]_deg_dist".png>
Package pdftex.def Info: "../../output/plots/watts_strogatz/watts_strogatz_[n=20,k=4,p=0.0]_deg_dist".png used on input line 556.
(pdftex.def)             Requested size: 276.00105pt x 138.00034pt.
 [28 <../../output/plots/watts_strogatz/watts_strogatz_[n=20,k=4,p=0.0].png> <../../output/plots/watts_strogatz/watts_strogatz_[n=20,k=4,p=0.0]_deg_dist.png>]
<"../../output/plots/watts_strogatz/watts_strogatz_[n=20,k=4,p=0.1]".png, id=197, 462.528pt x 346.896pt>
File: "../../output/plots/watts_strogatz/watts_strogatz_[n=20,k=4,p=0.1]".png Graphic file (type png)
 <use "../../output/plots/watts_strogatz/watts_strogatz_[n=20,k=4,p=0.1]".png>
Package pdftex.def Info: "../../output/plots/watts_strogatz/watts_strogatz_[n=20,k=4,p=0.1]".png used on input line 568.
(pdftex.def)             Requested size: 276.00105pt x 207.01175pt.
 <"../../output/plots/watts_strogatz/watts_strogatz_[n=20,k=4,p=0.1]_deg_dist".png, id=198, 867.24pt x 433.62pt>
File: "../../output/plots/watts_strogatz/watts_strogatz_[n=20,k=4,p=0.1]_deg_dist".png Graphic file (type png)
 <use "../../output/plots/watts_strogatz/watts_strogatz_[n=20,k=4,p=0.1]_deg_dist".png>
Package pdftex.def Info: "../../output/plots/watts_strogatz/watts_strogatz_[n=20,k=4,p=0.1]_deg_dist".png used on input line 577.
(pdftex.def)             Requested size: 276.00105pt x 138.00034pt.
 [29 <../../output/plots/watts_strogatz/watts_strogatz_[n=20,k=4,p=0.1].png> <../../output/plots/watts_strogatz/watts_strogatz_[n=20,k=4,p=0.1]_deg_dist.png>] <"../../output/plots/watts_strogatz/watts_strogatz_[n=20,k=4,p=0.2]".png, id=204, 462.528pt x 346.896pt>
File: "../../output/plots/watts_strogatz/watts_strogatz_[n=20,k=4,p=0.2]".png Graphic file (type png)
 <use "../../output/plots/watts_strogatz/watts_strogatz_[n=20,k=4,p=0.2]".png>
Package pdftex.def Info: "../../output/plots/watts_strogatz/watts_strogatz_[n=20,k=4,p=0.2]".png used on input line 589.
(pdftex.def)             Requested size: 276.00105pt x 207.01175pt.
 <"../../output/plots/watts_strogatz/watts_strogatz_[n=20,k=4,p=0.2]_deg_dist".png, id=205, 867.24pt x 433.62pt>
File: "../../output/plots/watts_strogatz/watts_strogatz_[n=20,k=4,p=0.2]_deg_dist".png Graphic file (type png)
 <use "../../output/plots/watts_strogatz/watts_strogatz_[n=20,k=4,p=0.2]_deg_dist".png>
Package pdftex.def Info: "../../output/plots/watts_strogatz/watts_strogatz_[n=20,k=4,p=0.2]_deg_dist".png used on input line 598.
(pdftex.def)             Requested size: 276.00105pt x 138.00034pt.
 [30 <../../output/plots/watts_strogatz/watts_strogatz_[n=20,k=4,p=0.2].png> <../../output/plots/watts_strogatz/watts_strogatz_[n=20,k=4,p=0.2]_deg_dist.png>] <"../../output/plots/watts_strogatz/watts_strogatz_[n=20,k=4,p=0.5]".png, id=211, 462.528pt x 346.896pt>
File: "../../output/plots/watts_strogatz/watts_strogatz_[n=20,k=4,p=0.5]".png Graphic file (type png)
 <use "../../output/plots/watts_strogatz/watts_strogatz_[n=20,k=4,p=0.5]".png>
Package pdftex.def Info: "../../output/plots/watts_strogatz/watts_strogatz_[n=20,k=4,p=0.5]".png used on input line 610.
(pdftex.def)             Requested size: 276.00105pt x 207.01175pt.
 <"../../output/plots/watts_strogatz/watts_strogatz_[n=20,k=4,p=0.5]_deg_dist".png, id=212, 867.24pt x 433.62pt>
File: "../../output/plots/watts_strogatz/watts_strogatz_[n=20,k=4,p=0.5]_deg_dist".png Graphic file (type png)
 <use "../../output/plots/watts_strogatz/watts_strogatz_[n=20,k=4,p=0.5]_deg_dist".png>
Package pdftex.def Info: "../../output/plots/watts_strogatz/watts_strogatz_[n=20,k=4,p=0.5]_deg_dist".png used on input line 619.
(pdftex.def)             Requested size: 276.00105pt x 138.00034pt.
 [31 <../../output/plots/watts_strogatz/watts_strogatz_[n=20,k=4,p=0.5].png> <../../output/plots/watts_strogatz/watts_strogatz_[n=20,k=4,p=0.5]_deg_dist.png>] <"../../output/plots/watts_strogatz/watts_strogatz_[n=20,k=4,p=0.9]".png, id=219, 462.528pt x 346.896pt>
File: "../../output/plots/watts_strogatz/watts_strogatz_[n=20,k=4,p=0.9]".png Graphic file (type png)
 <use "../../output/plots/watts_strogatz/watts_strogatz_[n=20,k=4,p=0.9]".png>
Package pdftex.def Info: "../../output/plots/watts_strogatz/watts_strogatz_[n=20,k=4,p=0.9]".png used on input line 631.
(pdftex.def)             Requested size: 276.00105pt x 207.01175pt.
 <"../../output/plots/watts_strogatz/watts_strogatz_[n=20,k=4,p=0.9]_deg_dist".png, id=220, 867.24pt x 433.62pt>
File: "../../output/plots/watts_strogatz/watts_strogatz_[n=20,k=4,p=0.9]_deg_dist".png Graphic file (type png)

<use "../../output/plots/watts_strogatz/watts_strogatz_[n=20,k=4,p=0.9]_deg_dist".png>
Package pdftex.def Info: "../../output/plots/watts_strogatz/watts_strogatz_[n=20,k=4,p=0.9]_deg_dist".png used on input line 640.
(pdftex.def)             Requested size: 276.00105pt x 138.00034pt.
 [32 <../../output/plots/watts_strogatz/watts_strogatz_[n=20,k=4,p=0.9].png> <../../output/plots/watts_strogatz/watts_strogatz_[n=20,k=4,p=0.9]_deg_dist.png>] <"../../output/plots/watts_strogatz/watts_strogatz_[n=20,k=4,p=1.0]".png, id=226, 462.528pt x 346.896pt>
File: "../../output/plots/watts_strogatz/watts_strogatz_[n=20,k=4,p=1.0]".png Graphic file (type png)
 <use "../../output/plots/watts_strogatz/watts_strogatz_[n=20,k=4,p=1.0]".png>
Package pdftex.def Info: "../../output/plots/watts_strogatz/watts_strogatz_[n=20,k=4,p=1.0]".png used on input line 652.
(pdftex.def)             Requested size: 276.00105pt x 207.01175pt.
 <"../../output/plots/watts_strogatz/watts_strogatz_[n=20,k=4,p=1.0]_deg_dist".png, id=227, 867.24pt x 433.62pt>
File: "../../output/plots/watts_strogatz/watts_strogatz_[n=20,k=4,p=1.0]_deg_dist".png Graphic file (type png)
 <use "../../output/plots/watts_strogatz/watts_strogatz_[n=20,k=4,p=1.0]_deg_dist".png>
Package pdftex.def Info: "../../output/plots/watts_strogatz/watts_strogatz_[n=20,k=4,p=1.0]_deg_dist".png used on input line 661.
(pdftex.def)             Requested size: 276.00105pt x 138.00034pt.
 [33 <../../output/plots/watts_strogatz/watts_strogatz_[n=20,k=4,p=1.0].png> <../../output/plots/watts_strogatz/watts_strogatz_[n=20,k=4,p=1.0]_deg_dist.png>] <"../../output/plots/watts_strogatz/watts_strogatz_[n=50,k=4,p=0.0]".png, id=233, 462.528pt x 346.896pt>
File: "../../output/plots/watts_strogatz/watts_strogatz_[n=50,k=4,p=0.0]".png Graphic file (type png)
 <use "../../output/plots/watts_strogatz/watts_strogatz_[n=50,k=4,p=0.0]".png>
Package pdftex.def Info: "../../output/plots/watts_strogatz/watts_strogatz_[n=50,k=4,p=0.0]".png used on input line 673.
(pdftex.def)             Requested size: 276.00105pt x 207.01175pt.

<"../../output/plots/watts_strogatz/watts_strogatz_[n=50,k=4,p=0.0]_deg_dist".png, id=234, 867.24pt x 433.62pt>
File: "../../output/plots/watts_strogatz/watts_strogatz_[n=50,k=4,p=0.0]_deg_dist".png Graphic file (type png)
 <use "../../output/plots/watts_strogatz/watts_strogatz_[n=50,k=4,p=0.0]_deg_dist".png>
Package pdftex.def Info: "../../output/plots/watts_strogatz/watts_strogatz_[n=50,k=4,p=0.0]_deg_dist".png used on input line 682.
(pdftex.def)             Requested size: 276.00105pt x 138.00034pt.
 [34 <../../output/plots/watts_strogatz/watts_strogatz_[n=50,k=4,p=0.0].png> <../../output/plots/watts_strogatz/watts_strogatz_[n=50,k=4,p=0.0]_deg_dist.png>] <"../../output/plots/watts_strogatz/watts_strogatz_[n=50,k=4,p=0.1]".png, id=240, 462.528pt x 346.896pt>
File: "../../output/plots/watts_strogatz/watts_strogatz_[n=50,k=4,p=0.1]".png Graphic file (type png)
 <use "../../output/plots/watts_strogatz/watts_strogatz_[n=50,k=4,p=0.1]".png>
Package pdftex.def Info: "../../output/plots/watts_strogatz/watts_strogatz_[n=50,k=4,p=0.1]".png used on input line 694.
(pdftex.def)             Requested size: 276.00105pt x 207.01175pt.
 <"../../output/plots/watts_strogatz/watts_strogatz_[n=50,k=4,p=0.1]_deg_dist".png, id=241, 867.24pt x 433.62pt>
File: "../../output/plots/watts_strogatz/watts_strogatz_[n=50,k=4,p=0.1]_deg_dist".png Graphic file (type png)
 <use "../../output/plots/watts_strogatz/watts_strogatz_[n=50,k=4,p=0.1]_deg_dist".png>
Package pdftex.def Info: "../../output/plots/watts_strogatz/watts_strogatz_[n=50,k=4,p=0.1]_deg_dist".png used on input line 703.
(pdftex.def)             Requested size: 276.00105pt x 138.00034pt.
 [35 <../../output/plots/watts_strogatz/watts_strogatz_[n=50,k=4,p=0.1].png> <../../output/plots/watts_strogatz/watts_strogatz_[n=50,k=4,p=0.1]_deg_dist.png>]
<"../../output/plots/watts_strogatz/watts_strogatz_[n=50,k=4,p=0.2]".png, id=247, 462.528pt x 346.896pt>
File: "../../output/plots/watts_strogatz/watts_strogatz_[n=50,k=4,p=0.2]".png Graphic file (type png)
 <use "../../output/plots/watts_strogatz/watts_strogatz_[n=50,k=4,p=0.2]".png>
Package pdftex.def Info: "../../output/plots/watts_strogatz/watts_strogatz_[n=50,k=4,p=0.2]".png used on input line 715.
(pdftex.def)             Requested size: 276.00105pt x 207.01175pt.
 <"../../output/plots/watts_strogatz/watts_strogatz_[n=50,k=4,p=0.2]_deg_dist".png, id=248, 867.24pt x 433.62pt>
File: "../../output/plots/watts_strogatz/watts_strogatz_[n=50,k=4,p=0.2]_deg_dist".png Graphic file (type png)
 <use "../../output/plots/watts_strogatz/watts_strogatz_[n=50,k=4,p=0.2]_deg_dist".png>
Package pdftex.def Info: "../../output/plots/watts_strogatz/watts_strogatz_[n=50,k=4,p=0.2]_deg_dist".png used on input line 724.
(pdftex.def)             Requested size: 276.00105pt x 138.00034pt.
 [36 <../../output/plots/watts_strogatz/watts_strogatz_[n=50,k=4,p=0.2].png> <../../output/plots/watts_strogatz/watts_strogatz_[n=50,k=4,p=0.2]_deg_dist.png>] <"../../output/plots/watts_strogatz/watts_strogatz_[n=50,k=4,p=0.5]".png, id=254, 462.528pt x 346.896pt>
File: "../../output/plots/watts_strogatz/watts_strogatz_[n=50,k=4,p=0.5]".png Graphic file (type png)
 <use "../../output/plots/watts_strogatz/watts_strogatz_[n=50,k=4,p=0.5]".png>
Package pdftex.def Info: "../../output/plots/watts_strogatz/watts_strogatz_[n=50,k=4,p=0.5]".png used on input line 736.
(pdftex.def)             Requested size: 276.00105pt x 207.01175pt.
 <"../../output/plots/watts_strogatz/watts_strogatz_[n=50,k=4,p=0.5]_deg_dist".png, id=255, 867.24pt x 433.62pt>
File: "../../output/plots/watts_strogatz/watts_strogatz_[n=50,k=4,p=0.5]_deg_dist".png Graphic file (type png)
 <use "../../output/plots/watts_strogatz/watts_strogatz_[n=50,k=4,p=0.5]_deg_dist".png>
Package pdftex.def Info: "../../output/plots/watts_strogatz/watts_strogatz_[n=50,k=4,p=0.5]_deg_dist".png used on input line 745.
(pdftex.def)             Requested size: 276.00105pt x 138.00034pt.
 [37 <../../output/plots/watts_strogatz/watts_strogatz_[n=50,k=4,p=0.5].png> <../../output/plots/watts_strogatz/watts_strogatz_[n=50,k=4,p=0.5]_deg_dist.png>] <"../../output/plots/watts_strogatz/watts_strogatz_[n=50,k=4,p=0.9]".png, id=262, 462.528pt x 346.896pt>
File: "../../output/plots/watts_strogatz/watts_strogatz_[n=50,k=4,p=0.9]".png Graphic file (type png)
 <use "../../output/plots/watts_strogatz/watts_strogatz_[n=50,k=4,p=0.9]".png>
Package pdftex.def Info: "../../output/plots/watts_strogatz/watts_strogatz_[n=50,k=4,p=0.9]".png used on input line 757.
(pdftex.def)             Requested size: 276.00105pt x 207.01175pt.
 <"../../output/plots/watts_strogatz/watts_strogatz_[n=50,k=4,p=0.9]_deg_dist".png, id=263, 867.24pt x 433.62pt>
File: "../../output/plots/watts_strogatz/watts_strogatz_[n=50,k=4,p=0.9]_deg_dist".png Graphic file (type png)
 <use "../../output/plots/watts_strogatz/watts_strogatz_[n=50,k=4,p=0.9]_deg_dist".png>
Package pdftex.def Info: "../../output/plots/watts_strogatz/watts_strogatz_[n=50,k=4,p=0.9]_deg_dist".png used on input line 766.
(pdftex.def)             Requested size: 276.00105pt x 138.00034pt.
 [38 <../../output/plots/watts_strogatz/watts_strogatz_[n=50,k=4,p=0.9].png> <../../output/plots/watts_strogatz/watts_strogatz_[n=50,k=4,p=0.9]_deg_dist.png>] <"../../output/plots/watts_strogatz/watts_strogatz_[n=50,k=4,p=1.0]".png, id=269, 462.528pt x 346.896pt>
File: "../../output/plots/watts_strogatz/watts_strogatz_[n=50,k=4,p=1.0]".png Graphic file (type png)
 <use "../../output/plots/watts_strogatz/watts_strogatz_[n=50,k=4,p=1.0]".png>
Package pdftex.def Info: "../../output/plots/watts_strogatz/watts_strogatz_[n=50,k=4,p=1.0]".png used on input line 778.
(pdftex.def)             Requested size: 276.00105pt x 207.01175pt.
 <"../../output/plots/watts_strogatz/watts_strogatz_[n=50,k=4,p=1.0]_deg_dist".png, id=270, 867.24pt x 433.62pt>
File: "../../output/plots/watts_strogatz/watts_strogatz_[n=50,k=4,p=1.0]_deg_dist".png Graphic file (type png)

<use "../../output/plots/watts_strogatz/watts_strogatz_[n=50,k=4,p=1.0]_deg_dist".png>
Package pdftex.def Info: "../../output/plots/watts_strogatz/watts_strogatz_[n=50,k=4,p=1.0]_deg_dist".png used on input line 787.
(pdftex.def)             Requested size: 276.00105pt x 138.00034pt.
 [39 <../../output/plots/watts_strogatz/watts_strogatz_[n=50,k=4,p=1.0].png> <../../output/plots/watts_strogatz/watts_strogatz_[n=50,k=4,p=1.0]_deg_dist.png>]
/home/cj/Dropbox/Personal/Study/MasterURV/2nd_Semester/CN/Activity_2/report/latex/latex.tex:794: Misplaced alignment tab character &.
<argument> Barabási &
                       Albert (BA)
l.794 \section{Barabási & Albert (BA)}
                                       
I can't figure out why you would want to use a tab mark
here. If you just want an ampersand, the remedy is
simple: Just type `I\&' now. But if some right brace
up above has ended a previous alignment prematurely,
you're probably due for more error messages, and you
might try typing `S' now just to see what is salvageable.

<"../../output/plots/barabasi_albert/barabasi_albert_[n=100,m=10]".png, id=276, 462.528pt x 346.896pt>
File: "../../output/plots/barabasi_albert/barabasi_albert_[n=100,m=10]".png Graphic file (type png)
 <use "../../output/plots/barabasi_albert/barabasi_albert_[n=100,m=10]".png>
Package pdftex.def Info: "../../output/plots/barabasi_albert/barabasi_albert_[n=100,m=10]".png used on input line 799.
(pdftex.def)             Requested size: 276.00105pt x 207.01175pt.
 <"../../output/plots/barabasi_albert/barabasi_albert_[n=100,m=10]_deg_dist".png, id=277, 867.24pt x 433.62pt>
File: "../../output/plots/barabasi_albert/barabasi_albert_[n=100,m=10]_deg_dist".png Graphic file (type png)
 <use "../../output/plots/barabasi_albert/barabasi_albert_[n=100,m=10]_deg_dist".png>
Package pdftex.def Info: "../../output/plots/barabasi_albert/barabasi_albert_[n=100,m=10]_deg_dist".png used on input line 808.
(pdftex.def)             Requested size: 276.00105pt x 138.00034pt.
 [40 <../../output/plots/barabasi_albert/barabasi_albert_[n=100,m=10].png> <../../output/plots/barabasi_albert/barabasi_albert_[n=100,m=10]_deg_dist.png>] <"../../output/plots/barabasi_albert/barabasi_albert_[n=100,m=1]".png, id=283, 462.528pt x 346.896pt>
File: "../../output/plots/barabasi_albert/barabasi_albert_[n=100,m=1]".png Graphic file (type png)
 <use "../../output/plots/barabasi_albert/barabasi_albert_[n=100,m=1]".png>
Package pdftex.def Info: "../../output/plots/barabasi_albert/barabasi_albert_[n=100,m=1]".png used on input line 820.
(pdftex.def)             Requested size: 276.00105pt x 207.01175pt.
 <"../../output/plots/barabasi_albert/barabasi_albert_[n=100,m=1]_deg_dist".png, id=284, 867.24pt x 433.62pt>
File: "../../output/plots/barabasi_albert/barabasi_albert_[n=100,m=1]_deg_dist".png Graphic file (type png)
 <use "../../output/plots/barabasi_albert/barabasi_albert_[n=100,m=1]_deg_dist".png>
Package pdftex.def Info: "../../output/plots/barabasi_albert/barabasi_albert_[n=100,m=1]_deg_dist".png used on input line 829.
(pdftex.def)             Requested size: 276.00105pt x 138.00034pt.
 [41 <../../output/plots/barabasi_albert/barabasi_albert_[n=100,m=1].png> <../../output/plots/barabasi_albert/barabasi_albert_[n=100,m=1]_deg_dist.png>] <"../../output/plots/barabasi_albert/barabasi_albert_[n=100,m=2]".png, id=290, 462.528pt x 346.896pt>
File: "../../output/plots/barabasi_albert/barabasi_albert_[n=100,m=2]".png Graphic file (type png)
 <use "../../output/plots/barabasi_albert/barabasi_albert_[n=100,m=2]".png>
Package pdftex.def Info: "../../output/plots/barabasi_albert/barabasi_albert_[n=100,m=2]".png used on input line 841.
(pdftex.def)             Requested size: 276.00105pt x 207.01175pt.
 <"../../output/plots/barabasi_albert/barabasi_albert_[n=100,m=2]_deg_dist".png, id=291, 867.24pt x 433.62pt>
File: "../../output/plots/barabasi_albert/barabasi_albert_[n=100,m=2]_deg_dist".png Graphic file (type png)
 <use "../../output/plots/barabasi_albert/barabasi_albert_[n=100,m=2]_deg_dist".png>
Package pdftex.def Info: "../../output/plots/barabasi_albert/barabasi_albert_[n=100,m=2]_deg_dist".png used on input line 850.
(pdftex.def)             Requested size: 276.00105pt x 138.00034pt.
 [42 <../../output/plots/barabasi_albert/barabasi_albert_[n=100,m=2].png> <../../output/plots/barabasi_albert/barabasi_albert_[n=100,m=2]_deg_dist.png>] <"../../output/plots/barabasi_albert/barabasi_albert_[n=100,m=4]".png, id=297, 462.528pt x 346.896pt>
File: "../../output/plots/barabasi_albert/barabasi_albert_[n=100,m=4]".png Graphic file (type png)
 <use "../../output/plots/barabasi_albert/barabasi_albert_[n=100,m=4]".png>
Package pdftex.def Info: "../../output/plots/barabasi_albert/barabasi_albert_[n=100,m=4]".png used on input line 862.
(pdftex.def)             Requested size: 276.00105pt x 207.01175pt.
 <"../../output/plots/barabasi_albert/barabasi_albert_[n=100,m=4]_deg_dist".png, id=298, 867.24pt x 433.62pt>
File: "../../output/plots/barabasi_albert/barabasi_albert_[n=100,m=4]_deg_dist".png Graphic file (type png)
 <use "../../output/plots/barabasi_albert/barabasi_albert_[n=100,m=4]_deg_dist".png>
Package pdftex.def Info: "../../output/plots/barabasi_albert/barabasi_albert_[n=100,m=4]_deg_dist".png used on input line 871.
(pdftex.def)             Requested size: 276.00105pt x 138.00034pt.
 [43 <../../output/plots/barabasi_albert/barabasi_albert_[n=100,m=4].png> <../../output/plots/barabasi_albert/barabasi_albert_[n=100,m=4]_deg_dist.png>] <"../../output/plots/barabasi_albert/barabasi_albert_[n=1000,m=10]".png, id=305, 462.528pt x 346.896pt>
File: "../../output/plots/barabasi_albert/barabasi_albert_[n=1000,m=10]".png Graphic file (type png)
 <use "../../output/plots/barabasi_albert/barabasi_albert_[n=1000,m=10]".png>
Package pdftex.def Info: "../../output/plots/barabasi_albert/barabasi_albert_[n=1000,m=10]".png used on input line 883.
(pdftex.def)             Requested size: 276.00105pt x 207.01175pt.
 <"../../output/plots/barabasi_albert/barabasi_albert_[n=1000,m=10]_deg_dist".png, id=306, 867.24pt x 433.62pt>
File: "../../output/plots/barabasi_albert/barabasi_albert_[n=1000,m=10]_deg_dist".png Graphic file (type png)
 <use "../../output/plots/barabasi_albert/barabasi_albert_[n=1000,m=10]_deg_dist".png>
Package pdftex.def Info: "../../output/plots/barabasi_albert/barabasi_albert_[n=1000,m=10]_deg_dist".png used on input line 892.
(pdftex.def)             Requested size: 276.00105pt x 138.00034pt.
 [44 <../../output/plots/barabasi_albert/barabasi_albert_[n=1000,m=10].png> <../../output/plots/barabasi_albert/barabasi_albert_[n=1000,m=10]_deg_dist.png>] <"../../output/plots/barabasi_albert/barabasi_albert_[n=1000,m=1]".png, id=312, 462.528pt x 346.896pt>
File: "../../output/plots/barabasi_albert/barabasi_albert_[n=1000,m=1]".png Graphic file (type png)
 <use "../../output/plots/barabasi_albert/barabasi_albert_[n=1000,m=1]".png>
Package pdftex.def Info: "../../output/plots/barabasi_albert/barabasi_albert_[n=1000,m=1]".png used on input line 904.
(pdftex.def)             Requested size: 276.00105pt x 207.01175pt.
 <"../../output/plots/barabasi_albert/barabasi_albert_[n=1000,m=1]_deg_dist".png, id=313, 867.24pt x 433.62pt>
File: "../../output/plots/barabasi_albert/barabasi_albert_[n=1000,m=1]_deg_dist".png Graphic file (type png)

<use "../../output/plots/barabasi_albert/barabasi_albert_[n=1000,m=1]_deg_dist".png>
Package pdftex.def Info: "../../output/plots/barabasi_albert/barabasi_albert_[n=1000,m=1]_deg_dist".png used on input line 913.
(pdftex.def)             Requested size: 276.00105pt x 138.00034pt.
 [45 <../../output/plots/barabasi_albert/barabasi_albert_[n=1000,m=1].png> <../../output/plots/barabasi_albert/barabasi_albert_[n=1000,m=1]_deg_dist.png>] <"../../output/plots/barabasi_albert/barabasi_albert_[n=1000,m=2]".png, id=319, 462.528pt x 346.896pt>
File: "../../output/plots/barabasi_albert/barabasi_albert_[n=1000,m=2]".png Graphic file (type png)
 <use "../../output/plots/barabasi_albert/barabasi_albert_[n=1000,m=2]".png>
Package pdftex.def Info: "../../output/plots/barabasi_albert/barabasi_albert_[n=1000,m=2]".png used on input line 925.
(pdftex.def)             Requested size: 276.00105pt x 207.01175pt.
 <"../../output/plots/barabasi_albert/barabasi_albert_[n=1000,m=2]_deg_dist".png, id=320, 867.24pt x 433.62pt>
File: "../../output/plots/barabasi_albert/barabasi_albert_[n=1000,m=2]_deg_dist".png Graphic file (type png)
 <use "../../output/plots/barabasi_albert/barabasi_albert_[n=1000,m=2]_deg_dist".png>
Package pdftex.def Info: "../../output/plots/barabasi_albert/barabasi_albert_[n=1000,m=2]_deg_dist".png used on input line 934.
(pdftex.def)             Requested size: 276.00105pt x 138.00034pt.
 [46 <../../output/plots/barabasi_albert/barabasi_albert_[n=1000,m=2].png> <../../output/plots/barabasi_albert/barabasi_albert_[n=1000,m=2]_deg_dist.png>] <"../../output/plots/barabasi_albert/barabasi_albert_[n=1000,m=4]".png, id=326, 462.528pt x 346.896pt>
File: "../../output/plots/barabasi_albert/barabasi_albert_[n=1000,m=4]".png Graphic file (type png)
 <use "../../output/plots/barabasi_albert/barabasi_albert_[n=1000,m=4]".png>
Package pdftex.def Info: "../../output/plots/barabasi_albert/barabasi_albert_[n=1000,m=4]".png used on input line 946.
(pdftex.def)             Requested size: 276.00105pt x 207.01175pt.

<"../../output/plots/barabasi_albert/barabasi_albert_[n=1000,m=4]_deg_dist".png, id=327, 867.24pt x 433.62pt>
File: "../../output/plots/barabasi_albert/barabasi_albert_[n=1000,m=4]_deg_dist".png Graphic file (type png)
 <use "../../output/plots/barabasi_albert/barabasi_albert_[n=1000,m=4]_deg_dist".png>
Package pdftex.def Info: "../../output/plots/barabasi_albert/barabasi_albert_[n=1000,m=4]_deg_dist".png used on input line 955.
(pdftex.def)             Requested size: 276.00105pt x 138.00034pt.
 [47 <../../output/plots/barabasi_albert/barabasi_albert_[n=1000,m=4].png> <../../output/plots/barabasi_albert/barabasi_albert_[n=1000,m=4]_deg_dist.png>] <"../../output/plots/barabasi_albert/barabasi_albert_[n=50,m=10]".png, id=333, 462.528pt x 346.896pt>
File: "../../output/plots/barabasi_albert/barabasi_albert_[n=50,m=10]".png Graphic file (type png)
 <use "../../output/plots/barabasi_albert/barabasi_albert_[n=50,m=10]".png>
Package pdftex.def Info: "../../output/plots/barabasi_albert/barabasi_albert_[n=50,m=10]".png used on input line 967.
(pdftex.def)             Requested size: 276.00105pt x 207.01175pt.
 <"../../output/plots/barabasi_albert/barabasi_albert_[n=50,m=10]_deg_dist".png, id=334, 867.24pt x 433.62pt>
File: "../../output/plots/barabasi_albert/barabasi_albert_[n=50,m=10]_deg_dist".png Graphic file (type png)
 <use "../../output/plots/barabasi_albert/barabasi_albert_[n=50,m=10]_deg_dist".png>
Package pdftex.def Info: "../../output/plots/barabasi_albert/barabasi_albert_[n=50,m=10]_deg_dist".png used on input line 976.
(pdftex.def)             Requested size: 276.00105pt x 138.00034pt.
 [48 <../../output/plots/barabasi_albert/barabasi_albert_[n=50,m=10].png> <../../output/plots/barabasi_albert/barabasi_albert_[n=50,m=10]_deg_dist.png>] <"../../output/plots/barabasi_albert/barabasi_albert_[n=50,m=1]".png, id=340, 462.528pt x 346.896pt>
File: "../../output/plots/barabasi_albert/barabasi_albert_[n=50,m=1]".png Graphic file (type png)

<use "../../output/plots/barabasi_albert/barabasi_albert_[n=50,m=1]".png>
Package pdftex.def Info: "../../output/plots/barabasi_albert/barabasi_albert_[n=50,m=1]".png used on input line 988.
(pdftex.def)             Requested size: 276.00105pt x 207.01175pt.
 <"../../output/plots/barabasi_albert/barabasi_albert_[n=50,m=1]_deg_dist".png, id=341, 867.24pt x 433.62pt>
File: "../../output/plots/barabasi_albert/barabasi_albert_[n=50,m=1]_deg_dist".png Graphic file (type png)
 <use "../../output/plots/barabasi_albert/barabasi_albert_[n=50,m=1]_deg_dist".png>
Package pdftex.def Info: "../../output/plots/barabasi_albert/barabasi_albert_[n=50,m=1]_deg_dist".png used on input line 997.
(pdftex.def)             Requested size: 276.00105pt x 138.00034pt.
 [49 <../../output/plots/barabasi_albert/barabasi_albert_[n=50,m=1].png> <../../output/plots/barabasi_albert/barabasi_albert_[n=50,m=1]_deg_dist.png>] <"../../output/plots/barabasi_albert/barabasi_albert_[n=50,m=2]".png, id=348, 462.528pt x 346.896pt>
File: "../../output/plots/barabasi_albert/barabasi_albert_[n=50,m=2]".png Graphic file (type png)
 <use "../../output/plots/barabasi_albert/barabasi_albert_[n=50,m=2]".png>
Package pdftex.def Info: "../../output/plots/barabasi_albert/barabasi_albert_[n=50,m=2]".png used on input line 1009.
(pdftex.def)             Requested size: 276.00105pt x 207.01175pt.
 <"../../output/plots/barabasi_albert/barabasi_albert_[n=50,m=2]_deg_dist".png, id=349, 867.24pt x 433.62pt>
File: "../../output/plots/barabasi_albert/barabasi_albert_[n=50,m=2]_deg_dist".png Graphic file (type png)
 <use "../../output/plots/barabasi_albert/barabasi_albert_[n=50,m=2]_deg_dist".png>
Package pdftex.def Info: "../../output/plots/barabasi_albert/barabasi_albert_[n=50,m=2]_deg_dist".png used on input line 1018.
(pdftex.def)             Requested size: 276.00105pt x 138.00034pt.
 [50 <../../output/plots/barabasi_albert/barabasi_albert_[n=50,m=2].png> <../../output/plots/barabasi_albert/barabasi_albert_[n=50,m=2]_deg_dist.png>]
<"../../output/plots/barabasi_albert/barabasi_albert_[n=50,m=4]".png, id=356, 462.528pt x 346.896pt>
File: "../../output/plots/barabasi_albert/barabasi_albert_[n=50,m=4]".png Graphic file (type png)
 <use "../../output/plots/barabasi_albert/barabasi_albert_[n=50,m=4]".png>
Package pdftex.def Info: "../../output/plots/barabasi_albert/barabasi_albert_[n=50,m=4]".png used on input line 1030.
(pdftex.def)             Requested size: 276.00105pt x 207.01175pt.
 <"../../output/plots/barabasi_albert/barabasi_albert_[n=50,m=4]_deg_dist".png, id=357, 867.24pt x 433.62pt>
File: "../../output/plots/barabasi_albert/barabasi_albert_[n=50,m=4]_deg_dist".png Graphic file (type png)
 <use "../../output/plots/barabasi_albert/barabasi_albert_[n=50,m=4]_deg_dist".png>
Package pdftex.def Info: "../../output/plots/barabasi_albert/barabasi_albert_[n=50,m=4]_deg_dist".png used on input line 1039.
(pdftex.def)             Requested size: 276.00105pt x 138.00034pt.
 [51 <../../output/plots/barabasi_albert/barabasi_albert_[n=50,m=4].png> <../../output/plots/barabasi_albert/barabasi_albert_[n=50,m=4]_deg_dist.png>] (/home/cj/Dropbox/Personal/Study/MasterURV/2nd_Semester/CN/Activity_2/report/latex/latex.aux) ) 
Here is how much of TeX's memory you used:
 4936 strings out of 494953
 99381 string characters out of 6180977
 125320 words of memory out of 5000000
 8084 multiletter control sequences out of 15000+600000
 7588 words of font info for 27 fonts, out of 8000000 for 9000
 14 hyphenation exceptions out of 8191
 44i,7n,42p,296b,269s stack positions out of 5000i,500n,10000p,200000b,80000s
</usr/share/texlive/texmf-dist/fonts/type1/public/amsfonts/cm/cmbx10.pfb></usr/share/texlive/texmf-dist/fonts/type1/public/amsfonts/cm/cmbx12.pfb></usr/share/texlive/texmf-dist/fonts/type1/public/amsfonts/cm/cmr10.pfb></usr/share/texlive/texmf-dist/fonts/type1/public/amsfonts/cm/cmr12.pfb></usr/share/texlive/texmf-dist/fonts/type1/public/amsfonts/cm/cmr17.pfb>
Output written on /home/cj/Dropbox/Personal/Study/MasterURV/2nd_Semester/CN/Activity_2/report/latex/latex.pdf (51 pages, 3934609 bytes).
PDF statistics:
 383 PDF objects out of 1000 (max. 8388607)
 131 compressed objects within 2 object streams
 0 named destinations out of 1000 (max. 500000)
 481 words of extra memory for PDF output out of 10000 (max. 10000000)

